Now processing NA18486
File: NA18486_argonne.fastq
Now processing NA18498
File: NA18498_2_argonne.fastq
File: NA18498_argonne.fastq
Now processing NA18499
File: NA18499_argonne.fastq
Now processing NA18501
File: NA18501_argonne.fastq
Now processing NA18502
File: NA18502_2_argonne.fastq
File: NA18502_argonne.fastq
Now processing NA18504
File: NA18504_2_argonne.fastq
File: NA18504_argonne.fastq
Now processing NA18505
File: NA18505_2_argonne.fastq
File: NA18505_argonne.fastq
Now processing NA18507
File: NA18507_argonne.fastq
Now processing NA18508
File: NA18508_argonne.fastq
Now processing NA18510
File: NA18510_argonne.fastq
Now processing NA18511
File: NA18511_argonne.fastq
Now processing NA18516
File: NA18516_2_argonne.fastq
File: NA18516_argonne.fastq
Now processing NA18517
File: NA18517_2_argonne.fastq
File: NA18517_argonne.fastq
Now processing NA18519
File: NA18519_argonne.fastq
Now processing NA18520
File: NA18520_argonne.fastq
Now processing NA18522
File: NA18522_argonne.fastq
Now processing NA18523
File: NA18523_argonne.fastq
Now processing NA18852
File: NA18852_argonne.fastq
Now processing NA18853
File: NA18853_argonne.fastq
Now processing NA18855
File: NA18855_argonne.fastq
Now processing NA18856
File: NA18856_2_argonne.fastq
File: NA18856_argonne.fastq
Now processing NA18858
File: NA18858_argonne.fastq
Now processing NA18859
File: NA18859_argonne.fastq
Now processing NA18861
File: NA18861_argonne.fastq
Now processing NA18862
File: NA18862_argonne.fastq
Now processing NA18870
File: NA18870_argonne.fastq
Now processing NA18871
File: NA18871_argonne.fastq
Now processing NA18909
File: NA18909_argonne.fastq
Now processing NA18912
File: NA18912_2_argonne.fastq
File: NA18912_argonne.fastq
Now processing NA18913
File: NA18913_argonne.fastq
Now processing NA18916
File: NA18916_argonne.fastq
Now processing NA19092
File: NA19092_2_argonne.fastq
Now processing NA19093
File: NA19093_argonne.fastq
Now processing NA19098
File: NA19098_argonne.fastq
Now processing NA19099
File: NA19099_argonne.fastq
Now processing NA19101
File: NA19101_argonne.fastq
Now processing NA19102
File: NA19102_3_argonne.fastq
File: NA19102_argonne.fastq
Now processing NA19108
File: NA19108_argonne.fastq
Now processing NA19114
File: NA19114_argonne.fastq
Now processing NA19116
File: NA19116_argonne.fastq
Now processing NA19119
File: NA19119_argonne.fastq
Now processing NA19127
File: NA19127_argonne.fastq
Now processing NA19128
File: NA19128_argonne.fastq
Now processing NA19130
File: NA19130_argonne.fastq
Now processing NA19131
File: NA19131_argonne.fastq
Now processing NA19137
File: NA19137_argonne.fastq
Now processing NA19138
File: NA19138_argonne.fastq
Now processing NA19140
File: NA19140_argonne.fastq
Now processing NA19141
File: NA19141_argonne.fastq
Now processing NA19143
File: NA19143_argonne.fastq
Now processing NA19144
File: NA19144_argonne.fastq
Now processing NA19147
File: NA19147_argonne.fastq
Now processing NA19152
File: NA19152_argonne.fastq
Now processing NA19153
File: NA19153_argonne.fastq
Now processing NA19159
File: NA19159_argonne.fastq
Now processing NA19160
File: NA19160_2_argonne.fastq
File: NA19160_argonne.fastq
Now processing NA19171
File: NA19171_2_argonne.fastq
File: NA19171_argonne.fastq
Now processing NA19172
File: NA19172_argonne.fastq
Now processing NA19190
File: NA19190_argonne.fastq
Now processing NA19192
File: NA19192_argonne.fastq
Now processing NA19193
File: NA19193_argonne.fastq
Now processing NA19200
File: NA19200_2_argonne.fastq
File: NA19200_argonne.fastq
Now processing NA19201
File: NA19201_argonne.fastq
Now processing NA19203
File: NA19203_argonne.fastq
Now processing NA19204
File: NA19204_argonne.fastq
Now processing NA19206
File: NA19206_2_argonne.fastq
Now processing NA19207
File: NA19207_argonne.fastq
Now processing NA19209
File: NA19209_argonne.fastq
Now processing NA19210
File: NA19210_argonne.fastq
Now processing NA19222
File: NA19222_argonne.fastq
Now processing NA19225
File: NA19225_argonne.fastq
Now processing NA19238
File: NA19238_argonne.fastq
Now processing NA19239
File: NA19239_argonne.fastq
Now processing NA19257
File: NA19257_argonne.fastq
Now processing all.fastq
File: NA18486.fastq
File: NA18498.fastq
File: NA18499.fastq
File: NA18501.fastq
File: NA18502.fastq
File: NA18504.fastq
File: NA18505.fastq
File: NA18507.fastq
File: NA18508.fastq
File: NA18510.fastq
File: NA18511.fastq
File: NA18516.fastq
File: NA18517.fastq
File: NA18519.fastq
File: NA18520.fastq
File: NA18522.fastq
File: NA18523.fastq
File: NA18852.fastq
File: NA18853.fastq
File: NA18855.fastq
File: NA18856.fastq
File: NA18858.fastq
File: NA18859.fastq
File: NA18861.fastq
File: NA18862.fastq
File: NA18870.fastq
File: NA18871.fastq
File: NA18909.fastq
File: NA18912.fastq
File: NA18913.fastq
File: NA18916.fastq
File: NA19092.fastq
File: NA19093.fastq
File: NA19098.fastq
File: NA19099.fastq
File: NA19101.fastq
File: NA19102.fastq
File: NA19108.fastq
File: NA19114.fastq
File: NA19116.fastq
File: NA19119.fastq
File: NA19127.fastq
File: NA19128.fastq
File: NA19130.fastq
File: NA19131.fastq
File: NA19137.fastq
File: NA19138.fastq
File: NA19140.fastq
File: NA19141.fastq
File: NA19143.fastq
File: NA19144.fastq
File: NA19147.fastq
File: NA19152.fastq
File: NA19153.fastq
File: NA19159.fastq
File: NA19160.fastq
File: NA19171.fastq
File: NA19172.fastq
File: NA19190.fastq
File: NA19192.fastq
File: NA19193.fastq
File: NA19200.fastq
File: NA19201.fastq
File: NA19203.fastq
File: NA19204.fastq
File: NA19206.fastq
File: NA19207.fastq
File: NA19209.fastq
File: NA19210.fastq
File: NA19222.fastq
File: NA19225.fastq
File: NA19238.fastq
File: NA19239.fastq
File: NA19257.fastq
Now processing NA18486
File: NA18486_argonne.fastq
File: NA18486_yale.fastq
Now processing NA18498
File: NA18498_2_argonne.fastq
File: NA18498_2_yale.fastq
File: NA18498_argonne.fastq
File: NA18498_yale.fastq
Now processing NA18499
File: NA18499_argonne.fastq
File: NA18499_yale.fastq
Now processing NA18501
File: NA18501_2_yale.fastq
File: NA18501_argonne.fastq
File: NA18501_yale.fastq
Now processing NA18502
File: NA18502_2_argonne.fastq
File: NA18502_2_yale.fastq
File: NA18502_argonne.fastq
File: NA18502_yale.fastq
Now processing NA18504
File: NA18504_2_argonne.fastq
File: NA18504_2_yale.fastq
File: NA18504_argonne.fastq
File: NA18504_yale.fastq
Now processing NA18505
File: NA18505_2_argonne.fastq
File: NA18505_2_yale.fastq
File: NA18505_argonne.fastq
File: NA18505_yale.fastq
Now processing NA18507
File: NA18507_argonne.fastq
File: NA18507_yale.fastq
Now processing NA18508
File: NA18508_argonne.fastq
File: NA18508_yale.fastq
Now processing NA18510
File: NA18510_argonne.fastq
File: NA18510_yale.fastq
Now processing NA18511
File: NA18511_argonne.fastq
File: NA18511_yale.fastq
Now processing NA18516
File: NA18516_2_argonne.fastq
File: NA18516_2_yale.fastq
File: NA18516_argonne.fastq
File: NA18516_yale.fastq
Now processing NA18517
File: NA18517_2_argonne.fastq
File: NA18517_2_yale.fastq
File: NA18517_argonne.fastq
File: NA18517_yale.fastq
Now processing NA18519
File: NA18519_argonne.fastq
File: NA18519_yale.fastq
Now processing NA18520
File: NA18520_argonne.fastq
File: NA18520_yale.fastq
Now processing NA18522
File: NA18522_argonne.fastq
File: NA18522_yale.fastq
Now processing NA18523
File: NA18523_argonne.fastq
File: NA18523_yale.fastq
Now processing NA18852
File: NA18852_argonne.fastq
File: NA18852_yale.fastq
Now processing NA18853
File: NA18853_argonne.fastq
File: NA18853_yale.fastq
Now processing NA18855
File: NA18855_argonne.fastq
File: NA18855_yale.fastq
Now processing NA18856
File: NA18856_2_argonne.fastq
File: NA18856_2_yale.fastq
File: NA18856_argonne.fastq
File: NA18856_yale.fastq
Now processing NA18858
File: NA18858_argonne.fastq
File: NA18858_yale.fastq
Now processing NA18859
File: NA18859_argonne.fastq
File: NA18859_yale.fastq
Now processing NA18861
File: NA18861_argonne.fastq
File: NA18861_yale.fastq
Now processing NA18862
File: NA18862_argonne.fastq
File: NA18862_yale.fastq
Now processing NA18870
File: NA18870_argonne.fastq
File: NA18870_yale.fastq
Now processing NA18871
File: NA18871_argonne.fastq
File: NA18871_yale.fastq
Now processing NA18909
File: NA18909_argonne.fastq
File: NA18909_yale.fastq
Now processing NA18912
File: NA18912_2_argonne.fastq
File: NA18912_2_yale.fastq
File: NA18912_argonne.fastq
File: NA18912_yale.fastq
Now processing NA18913
File: NA18913_argonne.fastq
File: NA18913_yale.fastq
Now processing NA18916
File: NA18916_argonne.fastq
File: NA18916_yale.fastq
Now processing NA19092
File: NA19092_2_argonne.fastq
File: NA19092_2_yale.fastq
Now processing NA19093
File: NA19093_argonne.fastq
File: NA19093_yale.fastq
Now processing NA19098
File: NA19098_argonne.fastq
File: NA19098_yale.fastq
Now processing NA19099
File: NA19099_argonne.fastq
File: NA19099_yale.fastq
Now processing NA19101
File: NA19101_argonne.fastq
File: NA19101_yale.fastq
Now processing NA19102
File: NA19102_3_argonne.fastq
File: NA19102_3_yale.fastq
File: NA19102_argonne.fastq
File: NA19102_yale.fastq
Now processing NA19108
File: NA19108_argonne.fastq
File: NA19108_yale.fastq
Now processing NA19114
File: NA19114_argonne.fastq
File: NA19114_yale.fastq
Now processing NA19116
File: NA19116_argonne.fastq
File: NA19116_yale.fastq
Now processing NA19119
File: NA19119_argonne.fastq
File: NA19119_yale.fastq
Now processing NA19127
File: NA19127_argonne.fastq
File: NA19127_yale.fastq
Now processing NA19128
File: NA19128_argonne.fastq
File: NA19128_yale.fastq
Now processing NA19130
File: NA19130_argonne.fastq
File: NA19130_yale.fastq
Now processing NA19131
File: NA19131_argonne.fastq
File: NA19131_yale.fastq
Now processing NA19137
File: NA19137_argonne.fastq
File: NA19137_yale.fastq
Now processing NA19138
File: NA19138_argonne.fastq
File: NA19138_yale.fastq
Now processing NA19140
File: NA19140_argonne.fastq
File: NA19140_yale.fastq
Now processing NA19141
File: NA19141_argonne.fastq
File: NA19141_yale.fastq
Now processing NA19143
File: NA19143_argonne.fastq
File: NA19143_yale.fastq
Now processing NA19144
File: NA19144_argonne.fastq
File: NA19144_yale.fastq
Now processing NA19147
File: NA19147_argonne.fastq
File: NA19147_yale.fastq
Now processing NA19152
File: NA19152_argonne.fastq
File: NA19152_yale.fastq
Now processing NA19153
File: NA19153_argonne.fastq
File: NA19153_yale.fastq
Now processing NA19159
File: NA19159_argonne.fastq
File: NA19159_yale.fastq
Now processing NA19160
File: NA19160_2_argonne.fastq
File: NA19160_2_yale.fastq
File: NA19160_argonne.fastq
File: NA19160_yale.fastq
Now processing NA19171
File: NA19171_2_argonne.fastq
File: NA19171_2_yale.fastq
File: NA19171_argonne.fastq
File: NA19171_yale.fastq
Now processing NA19172
File: NA19172_argonne.fastq
File: NA19172_yale.fastq
Now processing NA19190
File: NA19190_argonne.fastq
File: NA19190_yale.fastq
Now processing NA19192
File: NA19192_argonne.fastq
File: NA19192_yale.fastq
Now processing NA19193
File: NA19193_argonne.fastq
File: NA19193_yale.fastq
Now processing NA19200
File: NA19200_2_argonne.fastq
File: NA19200_2_yale.fastq
File: NA19200_argonne.fastq
File: NA19200_yale.fastq
Now processing NA19201
File: NA19201_argonne.fastq
File: NA19201_yale.fastq
Now processing NA19203
File: NA19203_argonne.fastq
File: NA19203_yale.fastq
Now processing NA19204
File: NA19204_argonne.fastq
File: NA19204_yale.fastq
Now processing NA19206
File: NA19206_2_argonne.fastq
File: NA19206_2_yale.fastq
Now processing NA19207
File: NA19207_argonne.fastq
File: NA19207_yale.fastq
Now processing NA19209
File: NA19209_argonne.fastq
File: NA19209_yale.fastq
Now processing NA19210
File: NA19210_argonne.fastq
File: NA19210_yale.fastq
Now processing NA19222
File: NA19222_argonne.fastq
File: NA19222_yale.fastq
Now processing NA19225
File: NA19225_argonne.fastq
File: NA19225_yale.fastq
Now processing NA19238
File: NA19238_argonne.fastq
File: NA19238_yale.fastq
Now processing NA19239
File: NA19239_argonne.fastq
File: NA19239_yale.fastq
Now processing NA19257
File: NA19257_argonne.fastq
File: NA19257_yale.fastq
Now processing all.fastq
File: NA18486.fastq
File: NA18498.fastq
File: NA18499.fastq
File: NA18501.fastq
File: NA18502.fastq
File: NA18504.fastq
File: NA18505.fastq
File: NA18507.fastq
File: NA18508.fastq
File: NA18510.fastq
File: NA18511.fastq
File: NA18516.fastq
File: NA18517.fastq
File: NA18519.fassamtools merge /Volumes/Macintosh\ HD/Splice/Alignments/hg19/merged.bam  /Volumes/Macintosh\ HD/Splice/Alignments/hg19/NA18486_argonne.1301728000.sorted.bam /Volumes/Macintosh\ HD/Splice/Alignments/hg19/NA18486_yale.1301728412.sorted.bam /Volumes/Macintosh\ HD/Splice/Alignments/hg19/NA18498_2_argonne.1301728686.sorted.bam /Volumes/Macintosh\ HD/Splice/Alignments/hg19/NA18498_2_yale.1301729129.sorted.bam /Volumes/Macintosh\ HD/Splice/Alignments/hg19/NA18498_argonne.1301729555.sorted.bam /Volumes/Macintosh\ HD/Splice/Alignments/hg19/NA18498_yale.1301730194.sorted.bam /Volumes/Macintosh\ HD/Splice/Alignments/hg19/NA18499_argonne.1301730636.sorted.bam /Volumes/Macintosh\ HD/Splice/Alignments/hg19/NA18499_yale.1301731189.sorted.bam /Volumes/Macintosh\ HD/Splice/Alignments/hg19/NA18501_2_yale.1301731436.sorted.bam /Volumes/Macintosh\ HD/Splice/Alignments/hg19/NA18501_argonne.1301731848.sorted.bam /Volumes/Macintosh\ HD/Splice/Alignments/hg19/NA18501_yale.1301732033.sorted.bam /Volumes/Macintosh\ HD/Splice/Alignments/hg19/NA18502_2_argonne.1301732298.sorted.bam /Volumes/Macintosh\ HD/Splice/Alignments/hg19/NA18502_2_yale.1301732690.sorted.bam /Volumes/Macintosh\ HD/Splice/Alignments/hg19/NA18502_argonne.1301733073.sorted.bam /Volumes/Macintosh\ HD/Splice/Alignments/hg19/NA18502_yale.1301733541.sorted.bam /Volumes/Macintosh\ HD/Splice/Alignments/hg19/NA18504_2_argonne.1301733926.sorted.bam /Volumes/Macintosh\ HD/Splice/Alignments/hg19/NA18504_2_yale.1301734361.sorted.bam /Volumes/Macintosh\ HD/Splice/Alignments/hg19/NA18504_argonne.1301734754.sorted.bam /Volumes/Macintosh\ HD/Splice/Alignments/hg19/NA18504_yale.1301735093.sorted.bam /Volumes/Macintosh\ HD/Splice/Alignments/hg19/NA18505_2_argonne.1301735402.sorted.bam /Volumes/Macintosh\ HD/Splice/Alignments/hg19/NA18505_2_yale.1301735815.sorted.bam /Volumes/Macintosh\ HD/Splice/Alignments/hg19/NA18505_argonne.1301736145.sorted.bam /Volumes/Macintosh\ HD/Splice/Alignments/hg19/NA18505_yale.1301736521.sorted.bam /Volumes/Macintosh\ HD/Splice/Alignments/hg19/NA18507_argonne.1301736889.sorted.bam /Volumes/Macintosh\ HD/Splice/Alignments/hg19/NA18507_yale.1301737340.sorted.bam /Volumes/Macintosh\ HD/Splice/Alignments/hg19/NA18508_argonne.1301737799.sorted.bam /Volumes/Macintosh\ HD/Splice/Alignments/hg19/NA18508_yale.1301738258.sorted.bam /Volumes/Macintosh\ HD/Splice/Alignments/hg19/NA18510_argonne.1301738618.sorted.bam /Volumes/Macintosh\ HD/Splice/Alignments/hg19/NA18510_yale.1301738965.sorted.bam /Volumes/Macintosh\ HD/Splice/Alignments/hg19/NA18511_argonne.1301739250.sorted.bam /Volumes/Macintosh\ HD/Splice/Alignments/hg19/NA18511_yale.1301739733.sorted.bam /Volumes/Macintosh\ HD/Splice/Alignments/hg19/NA18516_2_argonne.1301740195.sorted.bam /Volumes/Macintosh\ HD/Splice/Alignments/hg19/NA18516_2_yale.1301740664.sorted.bam /Volumes/Macintosh\ HD/Splice/Alignments/hg19/NA18516_argonne.1301740993.sorted.bam /Volumes/Macintosh\ HD/Splice/Alignments/hg19/NA18516_yale.1301741306.sorted.bam /Volumes/Macintosh\ HD/Splice/Alignments/hg19/NA18517_2_argonne.1301741626.sorted.bam /Volumes/Macintosh\ HD/Splice/Alignments/hg19/NA18517_2_yale.1301742129.sorted.bam /Volumes/Macintosh\ HD/Splice/Alignments/hg19/NA18517_argonne.1301742566.sorted.bam /Volumes/Macintosh\ HD/Splice/Alignments/hg19/NA18517_yale.1301743095.sorted.bam /Volumes/Macintosh\ HD/Splice/Alignments/hg19/NA18519_argonne.1301743481.sorted.bam /Volumes/Macintosh\ HD/Splice/Alignments/hg19/NA18519_yale.1301743942.sorted.bam /Volumes/Macintosh\ HD/Splice/Alignments/hg19/NA18520_argonne.1301744313.sorted.bam /Volumes/Macintosh\ HD/Splice/Alignments/hg19/NA18520_yale.1301744785.sorted.bam /Volumes/Macintosh\ HD/Splice/Alignments/hg19/NA18522_argonne.1301745113.sorted.bam /Volumes/Macintosh\ HD/Splice/Alignments/hg19/NA18522_yale.1301745609.sorted.bam /Volumes/Macintosh\ HD/Splice/Alignments/hg19/NA18523_argonne.1301745936.sorted.bam /Volumes/Macintosh\ HD/Splice/Alignments/hg19/NA18523_yale.1301746292.sorted.bam /Volumes/Macintosh\ HD/Splice/Alignments/hg19/NA18852_argonne.1301746537.sorted.bam /Volumes/Macintosh\ HD/Splice/Alignments/hg19/NA18852_yale.1301746848.sorted.bam /Volumes/Macintosh\ HD/Splice/Alignments/hg19/NA18853_argonne.1301747281.sorted.bam /Volumes/Macintosh\ HD/Splice/Alignments/hg19/NA18853_yale.1301747772.sorted.bam /Volumes/Macintosh\ HD/Splice/Alignments/hg19/NA18855_argonne.1301748165.sorted.bam /Volumes/Macintosh\ HD/Splice/Alignments/hg19/NA18855_yale.1301748581.sorted.bam /Volumes/Macintosh\ HD/Splice/Alignments/hg19/NA18856_2_argonne.1301748949.sorted.bam /Volumes/Macintosh\ HD/Splice/Alignments/hg19/NA18856_2_yale.1301749284.sorted.bam /Volumes/Macintosh\ HD/Splice/Alignments/hg19/NA18856_argonne.1301749693.sorted.bam /Volumes/Macintosh\ HD/Splice/Alignments/hg19/NA18856_yale.1301749760.sorted.bam /Volumes/Macintosh\ HD/Splice/Alignments/hg19/NA18858_argonne.1301749988.sorted.bam /Volumes/Macintosh\ HD/Splice/Alignments/hg19/NA18858_yale.1301750403.sorted.bam /Volumes/Macintosh\ HD/Splice/Alignments/hg19/NA18859_argonne.1301750786.sorted.bam /Volumes/Macintosh\ HD/Splice/Alignments/hg19/NA18859_yale.1301751484.sorted.bam /Volumes/Macintosh\ HD/Splice/Alignments/hg19/NA18861_argonne.1301751965.sorted.bam /Volumes/Macintosh\ HD/Splice/Alignments/hg19/NA18861_yale.1301752433.sorted.bam /Volumes/Macintosh\ HD/Splice/Alignments/hg19/NA18862_argonne.1301752624.sorted.bam /Volumes/Macintosh\ HD/Splice/Alignments/hg19/NA18862_yale.1301753126.sorted.bam /Volumes/Macintosh\ HD/Splice/Alignments/hg19/NA18870_argonne.1301753500.sorted.bam /Volumes/Macintosh\ HD/Splice/Alignments/hg19/NA18870_yale.1301753836.sorted.bam /Volumes/Macintosh\ HD/Splice/Alignments/hg19/NA18871_argonne.1301754148.sorted.bam /Volumes/Macintosh\ HD/Splice/Alignments/hg19/NA18871_yale.1301754547.sorted.bam /Volumes/Macintosh\ HD/Splice/Alignments/hg19/NA18909_argonne.1301754846.sorted.bam /Volumes/Macintosh\ HD/Splice/Alignments/hg19/NA18909_yale.1301755361.sorted.bam /Volumes/Macintosh\ HD/Splice/Alignments/hg19/NA18912_2_argonne.1301755777.sorted.bam /Volumes/Macintosh\ HD/Splice/Alignments/hg19/NA18912_2_yale.1301756134.sorted.bam /Volumes/Macintosh\ HD/Splice/Alignments/hg19/NA18912_argonne.1301756527.sorted.bam /Volumes/Macintosh\ HD/Splice/Alignments/hg19/NA18912_yale.1301756707.sorted.bam /Volumes/Macintosh\ HD/Splice/Alignments/hg19/NA18913_argonne.1301756873.sorted.bam /Volumes/Macintosh\ HD/Splice/Alignments/hg19/NA18913_yale.1301757332.sorted.bam /Volumes/Macintosh\ HD/Splice/Alignments/hg19/NA18916_argonne.1301757749.sorted.bam /Volumes/Macintosh\ HD/Splice/Alignments/hg19/NA18916_yale.1301758209.sorted.bam /Volumes/Macintosh\ HD/Splice/Alignments/hg19/NA19092_2_argonne.1301758529.sorted.bam /Volumes/Macintosh\ HD/Splice/Alignments/hg19/NA19092_2_yale.1301759260.sorted.bam /Volumes/Macintosh\ HD/Splice/Alignments/hg19/NA19093_argonne.1301759768.sorted.bam /Volumes/Macintosh\ HD/Splice/Alignments/hg19/NA19093_yale.1301760383.sorted.bam /Volumes/Macintosh\ HD/Splice/Alignments/hg19/NA19098_argonne.1301760681.sorted.bam /Volumes/Macintosh\ HD/Splice/Alignments/hg19/NA19098_yale.1301761120.sorted.bam /Volumes/Macintosh\ HD/Splice/Alignments/hg19/NA19099_argonne.1301761542.sorted.bam /Volumes/Macintosh\ HD/Splice/Alignments/hg19/NA19099_yale.1301762069.sorted.bam /Volumes/Macintosh\ HD/Splice/Alignments/hg19/NA19101_argonne.1301762503.sorted.bam /Volumes/Macintosh\ HD/Splice/Alignments/hg19/NA19101_yale.1301762982.sorted.bam /Volumes/Macintosh\ HD/Splice/Alignments/hg19/NA19102_3_argonne.1301763367.sorted.bam /Volumes/Macintosh\ HD/Splice/Alignments/hg19/NA19102_3_yale.1301763925.sorted.bam /Volumes/Macintosh\ HD/Splice/Alignments/hg19/NA19102_argonne.1301764323.sorted.bam /Volumes/Macintosh\ HD/Splice/Alignments/hg19/NA19102_yale.1301764505.sorted.bam /Volumes/Macintosh\ HD/Splice/Alignments/hg19/NA19108_argonne.1301764662.sorted.bam /Volumes/Macintosh\ HD/Splice/Alignments/hg19/NA19108_yale.1301765137.sorted.bam /Volumes/Macintosh\ HD/Splice/Alignments/hg19/NA19114_argonne.1301765595.sorted.bam /Volumes/Macintosh\ HD/Splice/Alignments/hg19/NA19114_yale.1301766059.sorted.bam /Volumes/Macintosh\ HD/Splice/Alignments/hg19/NA19116_argonne.1301766470.sorted.bam /Volumes/Macintosh\ HD/Splice/Alignments/hg19/NA19116_yale.1301767016.sorted.bam /Volumes/Macintosh\ HD/Splice/Alignments/hg19/NA19119_argonne.1301767408.sorted.bam /Volumes/Macintosh\ HD/Splice/Alignments/hg19/NA19119_yale.1301767511.sorted.bam /Volumes/Macintosh\ HD/Splice/Alignments/hg19/NA19127_argonne.1301767655.sorted.bam /Volumes/Macintosh\ HD/Splice/Alignments/hg19/NA19127_yale.1301768098.sorted.bam /Volumes/Macintosh\ HD/Splice/Alignments/hg19/NA19128_argonne.1301768490.sorted.bam /Volumes/Macintosh\ HD/Splice/Alignments/hg19/NA19128_yale.1301768985.sorted.bam /Volumes/Macintosh\ HD/Splice/Alignments/hg19/NA19130_argonne.1301769357.sorted.bam /Volumes/Macintosh\ HD/Splice/Alignments/hg19/NA19130_yale.1301769910.sorted.bam /Volumes/Macintosh\ HD/Splice/Alignments/hg19/NA19131_argonne.1301770267.sorted.bam /Volumes/Macintosh\ HD/Splice/Alignments/hg19/NA19131_yale.1301770753.sorted.bam /Volumes/Macintosh\ HD/Splice/Alignments/hg19/NA19137_argonne.1301771102.sorted.bam /Volumes/Macintosh\ HD/Splice/Alignments/hg19/NA19137_yale.1301771530.sorted.bam /Volumes/Macintosh\ HD/Splice/Alignments/hg19/NA19138_argonne.1301771838.sorted.bam /Volumes/Macintosh\ HD/Splice/Alignments/hg19/NA19138_yale.1301772362.sorted.bam /Volumes/Macintosh\ HD/Splice/Alignments/hg19/NA19140_argonne.1301772755.sorted.bam /Volumes/Macintosh\ HD/Splice/Alignments/hg19/NA19140_yale.1301773204.sorted.bam /Volumes/Macintosh\ HD/Splice/Alignments/hg19/NA19141_argonne.1301773594.sorted.bam /Volumes/Macintosh\ HD/Splice/Alignments/hg19/NA19141_yale.1301774138.sorted.bam /Volumes/Macintosh\ HD/Splice/Alignments/hg19/NA19143_argonne.1301774563.sorted.bam /Volumes/Macintosh\ HD/Splice/Alignments/hg19/NA19143_yale.1301775094.sorted.bam /Volumes/Macintosh\ HD/Splice/Alignments/hg19/NA19144_argonne.1301775451.sorted.bam /Volumes/Macintosh\ HD/Splice/Alignments/hg19/NA19144_yale.1301775913.sorted.bam /Volumes/Macintosh\ HD/Splice/Alignments/hg19/NA19147_argonne.1301776259.sorted.bam /Volumes/Macintosh\ HD/Splice/Alignments/hg19/NA19147_yale.1301776800.sorted.bam /Volumes/Macintosh\ HD/Splice/Alignments/hg19/NA19152_argonne.1301777140.sorted.bam /Volumes/Macintosh\ HD/Splice/Alignments/hg19/NA19152_yale.1301777694.sorted.bam /Volumes/Macintosh\ HD/Splice/Alignments/hg19/NA19153_argonne.1301778137.sorted.bam /Volumes/Macintosh\ HD/Splice/Alignments/hg19/NA19153_yale.1301778527.sorted.bam /Volumes/Macintosh\ HD/Splice/Alignments/hg19/NA19159_argonne.1301778881.sorted.bam /Volumes/Macintosh\ HD/Splice/Alignments/hg19/NA19159_yale.1301779231.sorted.bam /Volumes/Macintosh\ HD/Splice/Alignments/hg19/NA19160_2_argonne.1301779522.sorted.bam /Volumes/Macintosh\ HD/Splice/Alignments/hg19/NA19160_2_yale.1301779823.sorted.bam /Volumes/Macintosh\ HD/Splice/Alignments/hg19/NA19160_argonne.1301780123.sorted.bam /Volumes/Macintosh\ HD/Splice/Alignments/hg19/NA19160_yale.1301780617.sorted.bam /Volumes/Macintosh\ HD/Splice/Alignments/hg19/NA19171_2_argonne.1301781051.sorted.bam /Volumes/Macintosh\ HD/Splice/Alignments/hg19/NA19171_2_yale.1301781485.sorted.bam /Volumes/Macintosh\ HD/Splice/Alignments/hg19/NA19171_argonne.1301781770.sorted.bam /Volumes/Macintosh\ HD/Splice/Alignments/hg19/NA19171_yale.1301781875.sorted.bam /Volumes/Macintosh\ HD/Splice/Alignments/hg19/NA19172_argonne.1301782148.sorted.bam /Volumes/Macintosh\ HD/Splice/Alignments/hg19/NA19172_yale.1301782761.sorted.bam /Volumes/Macintosh\ HD/Splice/Alignments/hg19/NA19190_argonne.1301783070.sorted.bam /Volumes/Macintosh\ HD/Splice/Alignments/hg19/NA19190_yale.1301783549.sorted.bam /Volumes/Macintosh\ HD/Splice/Alignments/hg19/NA19192_argonne.1301783849.sorted.bam /Volumes/Macintosh\ HD/Splice/Alignments/hg19/NA19192_yale.1301784288.sorted.bam /Volumes/Macintosh\ HD/Splice/Alignments/hg19/NA19193_argonne.1301784670.sorted.bam /Volumes/Macintosh\ HD/Splice/Alignments/hg19/NA19193_yale.1301785023.sorted.bam /Volumes/Macintosh\ HD/Splice/Alignments/hg19/NA19200_2_argonne.1301785435.sorted.bam /Volumes/Macintosh\ HD/Splice/Alignments/hg19/NA19200_2_yale.1301785833.sorted.bam /Volumes/Macintosh\ HD/Splice/Alignments/hg19/NA19200_argonne.1301786258.sorted.bam /Volumes/Macintosh\ HD/Splice/Alignments/hg19/NA19200_yale.1301786355.sorted.bam /Volumes/Macintosh\ HD/Splice/Alignments/hg19/NA19201_argonne.1301786619.sorted.bam /Volumes/Macintosh\ HD/Splice/Alignments/hg19/NA19201_yale.1301787073.sorted.bam /Volumes/Macintosh\ HD/Splice/Alignments/hg19/NA19203_argonne.1301787463.sorted.bam /Volumes/Macintosh\ HD/Splice/Alignments/hg19/NA19203_yale.1301787976.sorted.bam /Volumes/Macintosh\ HD/Splice/Alignments/hg19/NA19204_argonne.1301788406.sorted.bam /Volumes/Macintosh\ HD/Splice/Alignments/hg19/NA19204_yale.1301788869.sorted.bam /Volumes/Macintosh\ HD/Splice/Alignments/hg19/NA19206_2_argonne.1301789172.sorted.bam /Volumes/Macintosh\ HD/Splice/Alignments/hg19/NA19206_2_yale.1301789838.sorted.bam /Volumes/Macintosh\ HD/Splice/Alignments/hg19/NA19207_argonne.1301790357.sorted.bam /Volumes/Macintosh\ HD/Splice/Alignments/hg19/NA19207_yale.1301790947.sorted.bam /Volumes/Macintosh\ HD/Splice/Alignments/hg19/NA19209_argonne.1301791435.sorted.bam /Volumes/Macintosh\ HD/Splice/Alignments/hg19/NA19209_yale.1301791994.sorted.bam /Volumes/Macintosh\ HD/Splice/Alignments/hg19/NA19210_argonne.1301792427.sorted.bam /Volumes/Macintosh\ HD/Splice/Alignments/hg19/NA19210_yale.1301792871.sorted.bam /Volumes/Macintosh\ HD/Splice/Alignments/hg19/NA19222_argonne.1301793292.sorted.bam /Volumes/Macintosh\ HD/Splice/Alignments/hg19/NA19222_yale.1301793754.sorted.bam /Volumes/Macintosh\ HD/Splice/Alignments/hg19/NA19225_argonne.1301793947.sorted.bam /Volumes/Macintosh\ HD/Splice/Alignments/hg19/NA19225_yale.1301794449.sorted.bam /Volumes/Macintosh\ HD/Splice/Alignments/hg19/NA19238_argonne.1301794843.sorted.bam /Volumes/Macintosh\ HD/Splice/Alignments/hg19/NA19238_yale.1301795252.sorted.bam /Volumes/Macintosh\ HD/Splice/Alignments/hg19/NA19239_argonne.1301795604.sorted.bam /Volumes/Macintosh\ HD/Splice/Alignments/hg19/NA19239_yale.1301796037.sorted.bam /Volumes/Macintosh\ HD/Splice/Alignments/hg19/NA19257_argonne.1301796419.sorted.bam /Volumes/Macintosh\ HD/Splice/Alignments/hg19/NA19257_yale.1301796902.sorted.bam
